Using pre-set license
Built from '2020.3/release' branch; Version is '2020.3.12f1 (b3b2c6512326) revision 11776710'; Using compiler version '192528614'; Build Type 'Release'
OS: 'Windows 10 Home; OS build 19043.1889; Version 2009; 64bit' Language: 'en' Physical Memory: 16330 MB
BatchMode: 1, IsHumanControllingUs: 0, StartBugReporterOnCrash: 0, Is64bit: 1, IsPro: 0

 COMMAND LINE ARGUMENTS:
C:\Program Files\Unity\Hub\Editor\2020.3.12f1\Editor\Unity.exe
-adb2
-batchMode
-noUpm
-name
AssetImportWorker0
-projectPath
C:/Unity Projects/Personal Prototype Project/Personal-Prototype-Project/Personal Prototype Project
-logFile
Logs/AssetImportWorker0.log
-srvPort
61936
Successfully changed project path to: C:/Unity Projects/Personal Prototype Project/Personal-Prototype-Project/Personal Prototype Project
C:/Unity Projects/Personal Prototype Project/Personal-Prototype-Project/Personal Prototype Project
Using Asset Import Pipeline V2.
Refreshing native plugins compatible for Editor in 44.91 ms, found 3 plugins.
Preloading 0 native plugins for Editor in 0.00 ms.
Initialize engine version: 2020.3.12f1 (b3b2c6512326)
[Subsystems] Discovering subsystems at path C:/Program Files/Unity/Hub/Editor/2020.3.12f1/Editor/Data/Resources/UnitySubsystems
[Subsystems] Discovering subsystems at path C:/Unity Projects/Personal Prototype Project/Personal-Prototype-Project/Personal Prototype Project/Assets
GfxDevice: creating device client; threaded=0
Direct3D:
    Version:  Direct3D 11.0 [level 11.1]
    Renderer: NVIDIA GeForce GTX 1070 (ID=0x1be1)
    Vendor:   
    VRAM:     8081 MB
    Driver:   30.0.14.9649
Initialize mono
Mono path[0] = 'C:/Program Files/Unity/Hub/Editor/2020.3.12f1/Editor/Data/Managed'
Mono path[1] = 'C:/Program Files/Unity/Hub/Editor/2020.3.12f1/Editor/Data/MonoBleedingEdge/lib/mono/unityjit'
Mono config path = 'C:/Program Files/Unity/Hub/Editor/2020.3.12f1/Editor/Data/MonoBleedingEdge/etc'
Using monoOptions --debugger-agent=transport=dt_socket,embedding=1,server=y,suspend=n,address=127.0.0.1:56248
Begin MonoManager ReloadAssembly
Registering precompiled unity dll's ...
Register platform support module: C:/Program Files/Unity/Hub/Editor/2020.3.12f1/Editor/Data/PlaybackEngines/WebGLSupport/UnityEditor.WebGL.Extensions.dll
Register platform support module: C:/Program Files/Unity/Hub/Editor/2020.3.12f1/Editor/Data/PlaybackEngines/WindowsStandaloneSupport/UnityEditor.WindowsStandalone.Extensions.dll
Registered in 0.002324 seconds.
Native extension for WindowsStandalone target not found
Native extension for WebGL target not found
Refreshing native plugins compatible for Editor in 39.53 ms, found 3 plugins.
Preloading 0 native plugins for Editor in 0.00 ms.
Mono: successfully reloaded assembly
- Completed reload, in  1.192 seconds
Platform modules already initialized, skipping
Registering precompiled user dll's ...
Registered in 0.004438 seconds.
Begin MonoManager ReloadAssembly
Native extension for WindowsStandalone target not found
Native extension for WebGL target not found
Refreshing native plugins compatible for Editor in 44.88 ms, found 3 plugins.
Preloading 0 native plugins for Editor in 0.00 ms.
Mono: successfully reloaded assembly
- Completed reload, in  1.025 seconds
Platform modules already initialized, skipping
========================================================================
Worker process is ready to serve import requests
Launched and connected shader compiler UnityShaderCompiler.exe after 0.04 seconds
Refreshing native plugins compatible for Editor in 0.58 ms, found 3 plugins.
Preloading 0 native plugins for Editor in 0.00 ms.
Unloading 2113 Unused Serialized files (Serialized files now loaded: 0)
System memory in use before: 96.5 MB.
System memory in use after: 96.6 MB.

Unloading 30 unused Assets to reduce memory usage. Loaded Objects now: 2552.
Total: 1.946200 ms (FindLiveObjects: 0.166300 ms CreateObjectMapping: 0.060700 ms MarkObjects: 1.594300 ms  DeleteObjects: 0.124000 ms)

AssetImportParameters requested are different than current active one (requested -> active):
  custom:framework-win-MediaFoundation: 216162199b28c13a410421893ffa2e32 -> 
  custom:video-decoder-ogg-theora: a1e56fd34408186e4bbccfd4996cb3dc -> 
  custom:container-muxer-webm: aa71ff27fc2769a1b78a27578f13a17b -> 
  custom:container-demuxer-webm: 4f35f7cbe854078d1ac9338744f61a02 -> 
  custom:container-demuxer-ogg: 62fdf1f143b41e24485cea50d1cbac27 -> 
  custom:video-encoder-webm-vp8: eb34c28f22e8b96e1ab97ce403110664 -> 
  custom:video-decoder-webm-vp8: 9c59270c3fd7afecdb556c50c9e8de78 -> 
  custom:audio-decoder-ogg-vorbis: bf7c407c2cedff20999df2af8eb42d56 -> 
  custom:audio-encoder-webm-vorbis: bf7c407c2cedff20999df2af8eb42d56 -> 
========================================================================
Received Import Request.
  path: Assets/Entities/EnemyMelee/EnemyControllerMelee.cs
  artifactKey: Guid(264ecfbb3df339e4a8648ff734169462) Importer(815301076,1909f56bfc062723c751e8b465ee728b)
Start importing Assets/Entities/EnemyMelee/EnemyControllerMelee.cs using Guid(264ecfbb3df339e4a8648ff734169462) Importer(815301076,1909f56bfc062723c751e8b465ee728b)  -> (artifact id: 'a95abe4305e1a5e6efdc5b0972697814') in 0.032673 seconds 
  Import took 0.035486 seconds .

========================================================================
Received Import Request.
  Time since last request: 5.895477 seconds.
  path: Assets/Entities/EnemyMelee/EnemyMiekka/EnemyMiekka.cs
  artifactKey: Guid(35dd9f99b0ca4524fab8c9213eb908c4) Importer(815301076,1909f56bfc062723c751e8b465ee728b)
Start importing Assets/Entities/EnemyMelee/EnemyMiekka/EnemyMiekka.cs using Guid(35dd9f99b0ca4524fab8c9213eb908c4) Importer(815301076,1909f56bfc062723c751e8b465ee728b)  -> (artifact id: '87a7d771e88dde1883064da3e7d8f5aa') in 0.005710 seconds 
  Import took 0.008851 seconds .

========================================================================
Received Import Request.
  Time since last request: 0.003224 seconds.
  path: Assets/Entities/EnemyMelee/EnemyMiekka/EnemyMiekka.cs
  artifactKey: Guid(35dd9f99b0ca4524fab8c9213eb908c4) Importer(815301076,1909f56bfc062723c751e8b465ee728b)
Start importing Assets/Entities/EnemyMelee/EnemyMiekka/EnemyMiekka.cs using Guid(35dd9f99b0ca4524fab8c9213eb908c4) Importer(815301076,1909f56bfc062723c751e8b465ee728b)  -> (artifact id: '87a7d771e88dde1883064da3e7d8f5aa') in 0.002197 seconds 
  Import took 0.005070 seconds .

AssetImportWorkerClient::OnTransportError - code=2 error=End of file
